# JRE version: OpenJDK Runtime Environment Temurin-17.0.13+11 (17.0.13+11) (build 17.0.13+11)
# Java VM: OpenJDK 64-Bit Server VM Temurin-17.0.13+11 (17.0.13+11, mixed mode, sharing, tiered, compressed oops, compressed class ptrs, g1 gc, windows-amd64)
GC Precious Log:
 CPUs: 4 total, 4 available
 Memory: 12163M
 Large Page Support: Disabled
 NUMA Support: Disabled
 Compressed Oops: Enabled (Zero based)
 Heap Region Size: 2M
 Heap Min Capacity: 8M
 Heap Initial Capacity: 192M
 Heap Max Capacity: 3042M
 Pre-touch: Disabled
 Parallel Workers: 4
 Concurrent Workers: 1
 Concurrent Refinement Workers: 4
 Periodic GC: Disabled
Heap:
 garbage-first heap   total 61440K, used 34125K [0x0000000741e00000, 0x0000000800000000)
  region size 2048K, 5 young (10240K), 1 survivors (2048K)
 Metaspace       used 61689K, committed 62272K, reserved 1114112K
  class space    used 8439K, committed 8704K, reserved 1048576K
GC Heap History (20 events):
Event: 3.781 GC heap before
{Heap before GC invocations=3 (full 0):
 garbage-first heap   total 196608K, used 68195K [0x0000000741e00000, 0x0000000800000000)
  region size 2048K, 32 young (65536K), 2 survivors (4096K)
 Metaspace       used 21214K, committed 21504K, reserved 1114112K
  class space    used 2598K, committed 2752K, reserved 1048576K
}
Event: 3.792 GC heap after
{Heap after GC invocations=4 (full 0):
 garbage-first heap   total 196608K, used 13674K [0x0000000741e00000, 0x0000000800000000)
  region size 2048K, 4 young (8192K), 4 survivors (8192K)
 Metaspace       used 21214K, committed 21504K, reserved 1114112K
  class space    used 2598K, committed 2752K, reserved 1048576K
}
Event: 5.175 GC heap before
{Heap before GC invocations=5 (full 0):
 garbage-first heap   total 61440K, used 44394K [0x0000000741e00000, 0x0000000800000000)
  region size 2048K, 20 young (40960K), 4 survivors (8192K)
 Metaspace       used 26769K, committed 27200K, reserved 1114112K
  class space    used 3413K, committed 3584K, reserved 1048576K
}
Event: 5.188 GC heap after
{Heap after GC invocations=6 (full 0):
 garbage-first heap   total 61440K, used 16868K [0x0000000741e00000, 0x0000000800000000)
  region size 2048K, 6 young (12288K), 6 survivors (12288K)
 Metaspace       used 26769K, committed 27200K, reserved 1114112K
  class space    used 3413K, committed 3584K, reserved 1048576K
}
Event: 6.088 GC heap before
{Heap before GC invocations=6 (full 0):
 garbage-first heap   total 61440K, used 39396K [0x0000000741e00000, 0x0000000800000000)
  region size 2048K, 17 young (34816K), 6 survivors (12288K)
 Metaspace       used 30307K, committed 30784K, reserved 1114112K
  class space    used 3841K, committed 4032K, reserved 1048576K
}
Event: 6.101 GC heap after
{Heap after GC invocations=7 (full 0):
 garbage-first heap   total 61440K, used 18340K [0x0000000741e00000, 0x0000000800000000)
  region size 2048K, 1 young (2048K), 1 survivors (2048K)
 Metaspace       used 30307K, committed 30784K, reserved 1114112K
  class space    used 3841K, committed 4032K, reserved 1048576K
}
Event: 7.152 GC heap before
{Heap before GC invocations=7 (full 0):
 garbage-first heap   total 61440K, used 38820K [0x0000000741e00000, 0x0000000800000000)
  region size 2048K, 12 young (24576K), 1 survivors (2048K)
 Metaspace       used 35537K, committed 35968K, reserved 1114112K
  class space    used 4663K, committed 4864K, reserved 1048576K
}
Event: 7.157 GC heap after
{Heap after GC invocations=8 (full 0):
 garbage-first heap   total 61440K, used 18835K [0x0000000741e00000, 0x0000000800000000)
  region size 2048K, 2 young (4096K), 2 survivors (4096K)
 Metaspace       used 35537K, committed 35968K, reserved 1114112K
  class space    used 4663K, committed 4864K, reserved 1048576K
}
Event: 8.263 GC heap before
{Heap before GC invocations=9 (full 0):
 garbage-first heap   total 61440K, used 43411K [0x0000000741e00000, 0x0000000800000000)
  region size 2048K, 14 young (28672K), 2 survivors (4096K)
 Metaspace       used 41476K, committed 41984K, reserved 1114112K
  class space    used 5428K, committed 5696K, reserved 1048576K
}
Event: 8.268 GC heap after
{Heap after GC invocations=10 (full 0):
 garbage-first heap   total 61440K, used 20371K [0x0000000741e00000, 0x0000000800000000)
  region size 2048K, 2 young (4096K), 2 survivors (4096K)
 Metaspace       used 41476K, committed 41984K, reserved 1114112K
  class space    used 5428K, committed 5696K, reserved 1048576K
}
Event: 9.210 GC heap before
{Heap before GC invocations=10 (full 0):
 garbage-first heap   total 61440K, used 42899K [0x0000000741e00000, 0x0000000800000000)
  region size 2048K, 13 young (26624K), 2 survivors (4096K)
 Metaspace       used 47651K, committed 48128K, reserved 1114112K
  class space    used 6435K, committed 6656K, reserved 1048576K
}
Event: 9.216 GC heap after
{Heap after GC invocations=11 (full 0):
 garbage-first heap   total 61440K, used 21828K [0x0000000741e00000, 0x0000000800000000)
  region size 2048K, 2 young (4096K), 2 survivors (4096K)
 Metaspace       used 47651K, committed 48128K, reserved 1114112K
  class space    used 6435K, committed 6656K, reserved 1048576K
}
Event: 9.993 GC heap before
{Heap before GC invocations=11 (full 0):
 garbage-first heap   total 61440K, used 42308K [0x0000000741e00000, 0x0000000800000000)
  region size 2048K, 13 young (26624K), 2 survivors (4096K)
 Metaspace       used 52045K, committed 52544K, reserved 1114112K
  class space    used 7115K, committed 7360K, reserved 1048576K
}
Event: 9.997 GC heap after
{Heap after GC invocations=12 (full 0):
 garbage-first heap   total 61440K, used 22754K [0x0000000741e00000, 0x0000000800000000)
  region size 2048K, 2 young (4096K), 2 survivors (4096K)
 Metaspace       used 52045K, committed 52544K, reserved 1114112K
  class space    used 7115K, committed 7360K, reserved 1048576K
}
Event: 10.686 GC heap before
{Heap before GC invocations=12 (full 0):
 garbage-first heap   total 61440K, used 45282K [0x0000000741e00000, 0x0000000800000000)
  region size 2048K, 13 young (26624K), 2 survivors (4096K)
 Metaspace       used 55915K, committed 56448K, reserved 1114112K
  class space    used 7610K, committed 7872K, reserved 1048576K
}
Event: 10.692 GC heap after
{Heap after GC invocations=13 (full 0):
 garbage-first heap   total 61440K, used 24741K [0x0000000741e00000, 0x0000000800000000)
  region size 2048K, 2 young (4096K), 2 survivors (4096K)
 Metaspace       used 55915K, committed 56448K, reserved 1114112K
  class space    used 7610K, committed 7872K, reserved 1048576K
}
Event: 11.312 GC heap before
{Heap before GC invocations=13 (full 0):
 garbage-first heap   total 61440K, used 45221K [0x0000000741e00000, 0x0000000800000000)
  region size 2048K, 12 young (24576K), 2 survivors (4096K)
 Metaspace       used 58237K, committed 58688K, reserved 1114112K
  class space    used 7911K, committed 8128K, reserved 1048576K
}
Event: 11.319 GC heap after
{Heap after GC invocations=14 (full 0):
 garbage-first heap   total 61440K, used 27056K [0x0000000741e00000, 0x0000000800000000)
  region size 2048K, 2 young (4096K), 2 survivors (4096K)
 Metaspace       used 58237K, committed 58688K, reserved 1114112K
  class space    used 7911K, committed 8128K, reserved 1048576K
}
Event: 148.102 GC heap before
{Heap before GC invocations=14 (full 0):
 garbage-first heap   total 61440K, used 43440K [0x0000000741e00000, 0x0000000800000000)
  region size 2048K, 11 young (22528K), 2 survivors (4096K)
 Metaspace       used 59765K, committed 60288K, reserved 1114112K
  class space    used 8101K, committed 8384K, reserved 1048576K
}
Event: 148.109 GC heap after
{Heap after GC invocations=15 (full 0):
 garbage-first heap   total 61440K, used 27981K [0x0000000741e00000, 0x0000000800000000)
  region size 2048K, 1 young (2048K), 1 survivors (2048K)
 Metaspace       used 59765K, committed 60288K, reserved 1114112K
  class space    used 8101K, committed 8384K, reserved 1048576K
}

