# JRE version: OpenJDK Runtime Environment Temurin-17.0.13+11 (17.0.13+11) (build 17.0.13+11)
# Java VM: OpenJDK 64-Bit Server VM Temurin-17.0.13+11 (17.0.13+11, mixed mode, sharing, tiered, compressed oops, compressed class ptrs, g1 gc, windows-amd64)
GC Precious Log:
 CPUs: 4 total, 4 available
 Memory: 12163M
 Large Page Support: Disabled
 NUMA Support: Disabled
 Compressed Oops: Enabled (Zero based)
 Heap Region Size: 2M
 Heap Min Capacity: 8M
 Heap Initial Capacity: 192M
 Heap Max Capacity: 3042M
 Pre-touch: Disabled
 Parallel Workers: 4
 Concurrent Workers: 1
 Concurrent Refinement Workers: 4
 Periodic GC: Disabled
Heap:
 garbage-first heap   total 67584K, used 34955K [0x0000000741e00000, 0x0000000800000000)
  region size 2048K, 8 young (16384K), 2 survivors (4096K)
 Metaspace       used 58289K, committed 58752K, reserved 1114112K
  class space    used 7919K, committed 8128K, reserved 1048576K
GC Heap History (20 events):
Event: 5.081 GC heap before
{Heap before GC invocations=5 (full 0):
 garbage-first heap   total 55296K, used 37579K [0x0000000741e00000, 0x0000000800000000)
  region size 2048K, 16 young (32768K), 4 survivors (8192K)
 Metaspace       used 25087K, committed 25408K, reserved 1114112K
  class space    used 3176K, committed 3328K, reserved 1048576K
}
Event: 5.096 GC heap after
{Heap after GC invocations=6 (full 0):
 garbage-first heap   total 55296K, used 15820K [0x0000000741e00000, 0x0000000800000000)
  region size 2048K, 2 young (4096K), 2 survivors (4096K)
 Metaspace       used 25087K, committed 25408K, reserved 1114112K
  class space    used 3176K, committed 3328K, reserved 1048576K
}
Event: 5.175 GC heap before
{Heap before GC invocations=6 (full 0):
 garbage-first heap   total 55296K, used 17868K [0x0000000741e00000, 0x0000000800000000)
  region size 2048K, 3 young (6144K), 2 survivors (4096K)
 Metaspace       used 25394K, committed 25728K, reserved 1114112K
  class space    used 3256K, committed 3392K, reserved 1048576K
}
Event: 5.182 GC heap after
{Heap after GC invocations=7 (full 0):
 garbage-first heap   total 55296K, used 16034K [0x0000000741e00000, 0x0000000800000000)
  region size 2048K, 1 young (2048K), 1 survivors (2048K)
 Metaspace       used 25394K, committed 25728K, reserved 1114112K
  class space    used 3256K, committed 3392K, reserved 1048576K
}
Event: 5.965 GC heap before
{Heap before GC invocations=7 (full 0):
 garbage-first heap   total 55296K, used 36514K [0x0000000741e00000, 0x0000000800000000)
  region size 2048K, 11 young (22528K), 1 survivors (2048K)
 Metaspace       used 28784K, committed 29184K, reserved 1114112K
  class space    used 3654K, committed 3840K, reserved 1048576K
}
Event: 5.970 GC heap after
{Heap after GC invocations=8 (full 0):
 garbage-first heap   total 55296K, used 17071K [0x0000000741e00000, 0x0000000800000000)
  region size 2048K, 1 young (2048K), 1 survivors (2048K)
 Metaspace       used 28784K, committed 29184K, reserved 1114112K
  class space    used 3654K, committed 3840K, reserved 1048576K
}
Event: 6.718 GC heap before
{Heap before GC invocations=8 (full 0):
 garbage-first heap   total 55296K, used 37551K [0x0000000741e00000, 0x0000000800000000)
  region size 2048K, 11 young (22528K), 1 survivors (2048K)
 Metaspace       used 33302K, committed 33792K, reserved 1114112K
  class space    used 4314K, committed 4544K, reserved 1048576K
}
Event: 6.722 GC heap after
{Heap after GC invocations=9 (full 0):
 garbage-first heap   total 55296K, used 18066K [0x0000000741e00000, 0x0000000800000000)
  region size 2048K, 2 young (4096K), 2 survivors (4096K)
 Metaspace       used 33302K, committed 33792K, reserved 1114112K
  class space    used 4314K, committed 4544K, reserved 1048576K
}
Event: 7.020 GC heap before
{Heap before GC invocations=9 (full 0):
 garbage-first heap   total 55296K, used 26258K [0x0000000741e00000, 0x0000000800000000)
  region size 2048K, 7 young (14336K), 2 survivors (4096K)
 Metaspace       used 35536K, committed 35968K, reserved 1114112K
  class space    used 4666K, committed 4864K, reserved 1048576K
}
Event: 7.025 GC heap after
{Heap after GC invocations=10 (full 0):
 garbage-first heap   total 55296K, used 18593K [0x0000000741e00000, 0x0000000800000000)
  region size 2048K, 1 young (2048K), 1 survivors (2048K)
 Metaspace       used 35536K, committed 35968K, reserved 1114112K
  class space    used 4666K, committed 4864K, reserved 1048576K
}
Event: 8.276 GC heap before
{Heap before GC invocations=11 (full 0):
 garbage-first heap   total 55296K, used 41121K [0x0000000741e00000, 0x0000000800000000)
  region size 2048K, 12 young (24576K), 1 survivors (2048K)
 Metaspace       used 41106K, committed 41600K, reserved 1114112K
  class space    used 5399K, committed 5632K, reserved 1048576K
}
Event: 8.280 GC heap after
{Heap after GC invocations=12 (full 0):
 garbage-first heap   total 55296K, used 19996K [0x0000000741e00000, 0x0000000800000000)
  region size 2048K, 2 young (4096K), 2 survivors (4096K)
 Metaspace       used 41106K, committed 41600K, reserved 1114112K
  class space    used 5399K, committed 5632K, reserved 1048576K
}
Event: 8.334 GC heap before
{Heap before GC invocations=12 (full 0):
 garbage-first heap   total 55296K, used 22044K [0x0000000741e00000, 0x0000000800000000)
  region size 2048K, 3 young (6144K), 2 survivors (4096K)
 Metaspace       used 41442K, committed 41920K, reserved 1114112K
  class space    used 5427K, committed 5696K, reserved 1048576K
}
Event: 8.339 GC heap after
{Heap after GC invocations=13 (full 0):
 garbage-first heap   total 55296K, used 19874K [0x0000000741e00000, 0x0000000800000000)
  region size 2048K, 1 young (2048K), 1 survivors (2048K)
 Metaspace       used 41442K, committed 41920K, reserved 1114112K
  class space    used 5427K, committed 5696K, reserved 1048576K
}
Event: 9.181 GC heap before
{Heap before GC invocations=13 (full 0):
 garbage-first heap   total 55296K, used 40354K [0x0000000741e00000, 0x0000000800000000)
  region size 2048K, 11 young (22528K), 1 survivors (2048K)
 Metaspace       used 47310K, committed 47808K, reserved 1114112K
  class space    used 6378K, committed 6592K, reserved 1048576K
}
Event: 9.183 GC heap after
{Heap after GC invocations=14 (full 0):
 garbage-first heap   total 67584K, used 20607K [0x0000000741e00000, 0x0000000800000000)
  region size 2048K, 1 young (2048K), 1 survivors (2048K)
 Metaspace       used 47310K, committed 47808K, reserved 1114112K
  class space    used 6378K, committed 6592K, reserved 1048576K
}
Event: 10.721 GC heap before
{Heap before GC invocations=14 (full 0):
 garbage-first heap   total 67584K, used 49279K [0x0000000741e00000, 0x0000000800000000)
  region size 2048K, 15 young (30720K), 1 survivors (2048K)
 Metaspace       used 52550K, committed 53120K, reserved 1114112K
  class space    used 7148K, committed 7424K, reserved 1048576K
}
Event: 10.727 GC heap after
{Heap after GC invocations=15 (full 0):
 garbage-first heap   total 67584K, used 21991K [0x0000000741e00000, 0x0000000800000000)
  region size 2048K, 2 young (4096K), 2 survivors (4096K)
 Metaspace       used 52550K, committed 53120K, reserved 1114112K
  class space    used 7148K, committed 7424K, reserved 1048576K
}
Event: 11.921 GC heap before
{Heap before GC invocations=15 (full 0):
 garbage-first heap   total 67584K, used 50663K [0x0000000741e00000, 0x0000000800000000)
  region size 2048K, 16 young (32768K), 2 survivors (4096K)
 Metaspace       used 57117K, committed 57664K, reserved 1114112K
  class space    used 7759K, committed 8000K, reserved 1048576K
}
Event: 11.929 GC heap after
{Heap after GC invocations=16 (full 0):
 garbage-first heap   total 67584K, used 24715K [0x0000000741e00000, 0x0000000800000000)
  region size 2048K, 2 young (4096K), 2 survivors (4096K)
 Metaspace       used 57117K, committed 57664K, reserved 1114112K
  class space    used 7759K, committed 8000K, reserved 1048576K
}

